{"C:\\Users\\Acer Aspire 3\\Desktop\\capstone-server-typescript\\src\\config\\db.ts": {"path":"C:\\Users\\Acer Aspire 3\\Desktop\\capstone-server-typescript\\src\\config\\db.ts","statementMap":{"0":{"start":{"line":1,"column":0},"end":{"line":1,"column":35}},"1":{"start":{"line":2,"column":11},"end":{"line":9,"column":2}},"2":{"start":{"line":11,"column":0},"end":{"line":11,"column":46}},"3":{"start":{"line":13,"column":0},"end":{"line":15,"column":52}},"4":{"start":{"line":14,"column":14},"end":{"line":14,"column":45}},"5":{"start":{"line":15,"column":25},"end":{"line":15,"column":51}},"6":{"start":{"line":17,"column":0},"end":{"line":17,"column":18}}},"fnMap":{"0":{"name":"(anonymous_0)","decl":{"start":{"line":14,"column":8},"end":{"line":14,"column":14}},"loc":{"start":{"line":14,"column":8},"end":{"line":14,"column":21}}},"1":{"name":"(anonymous_1)","decl":{"start":{"line":15,"column":9},"end":{"line":15,"column":10}},"loc":{"start":{"line":15,"column":20},"end":{"line":15,"column":32}}}},"branchMap":{},"s":{"0":1,"1":1,"2":1,"3":1,"4":1,"5":0,"6":1},"f":{"0":1,"1":0},"b":{}}
,"C:\\Users\\Acer Aspire 3\\Desktop\\capstone-server-typescript\\src\\helpers\\formatOrderEmail.ts": {"path":"C:\\Users\\Acer Aspire 3\\Desktop\\capstone-server-typescript\\src\\helpers\\formatOrderEmail.ts","statementMap":{"0":{"start":{"line":1,"column":0},"end":{"line":1,"column":73}},"1":{"start":{"line":2,"column":0},"end":{"line":2,"column":67}},"2":{"start":{"line":4,"column":33},"end":{"line":21,"column":2}},"3":{"start":{"line":4,"column":55},"end":{"line":21,"column":2}},"4":{"start":{"line":6,"column":4},"end":{"line":6,"column":null}},"5":{"start":{"line":5,"column":8},"end":{"line":6,"column":null}},"6":{"start":{"line":7,"column":6},"end":{"line":7,"column":17}},"7":{"start":{"line":8,"column":11},"end":{"line":8,"column":18}},"8":{"start":{"line":8,"column":18},"end":{"line":8,"column":43}},"9":{"start":{"line":8,"column":41},"end":{"line":8,"column":43}},"10":{"start":{"line":9,"column":10},"end":{"line":9,"column":33}},"11":{"start":{"line":11,"column":33},"end":{"line":11,"column":null}},"12":{"start":{"line":11,"column":10},"end":{"line":11,"column":null}},"13":{"start":{"line":12,"column":4},"end":{"line":17,"column":10}},"14":{"start":{"line":8,"column":43},"end":{"line":8,"column":null}},"15":{"start":{"line":20,"column":2},"end":{"line":20,"column":15}},"16":{"start":{"line":4,"column":13},"end":{"line":4,"column":33}}},"fnMap":{"0":{"name":"(anonymous_14)","decl":{"start":{"line":4,"column":33},"end":{"line":4,"column":40}},"loc":{"start":{"line":4,"column":55},"end":{"line":21,"column":2}}},"1":{"name":"(anonymous_15)","decl":{"start":{"line":4,"column":55},"end":{"line":4,"column":null}},"loc":{"start":{"line":4,"column":55},"end":{"line":21,"column":2}}}},"branchMap":{"0":{"loc":{"start":{"line":6,"column":4},"end":{"line":6,"column":null}},"type":"switch","locations":[{"start":{"line":6,"column":4},"end":{"line":6,"column":null}},{"start":{"line":20,"column":2},"end":{"line":20,"column":15}}]},"1":{"loc":{"start":{"line":8,"column":18},"end":{"line":8,"column":43}},"type":"if","locations":[{"start":{"line":8,"column":18},"end":{"line":8,"column":43}}]}},"s":{"0":1,"1":1,"2":1,"3":2,"4":2,"5":2,"6":2,"7":2,"8":6,"9":2,"10":4,"11":4,"12":4,"13":4,"14":4,"15":2,"16":1},"f":{"0":2,"1":2},"b":{"0":[2,2],"1":[2]}}
,"C:\\Users\\Acer Aspire 3\\Desktop\\capstone-server-typescript\\src\\models\\OrderItemModel.ts": {"path":"C:\\Users\\Acer Aspire 3\\Desktop\\capstone-server-typescript\\src\\models\\OrderItemModel.ts","statementMap":{"0":{"start":{"line":1,"column":0},"end":{"line":1,"column":30}},"1":{"start":{"line":10,"column":0},"end":{"line":10,"column":null}},"2":{"start":{"line":11,"column":15},"end":{"line":20,"column":null}},"3":{"start":{"line":16,"column":20},"end":{"line":18,"column":null}},"4":{"start":{"line":16,"column":10},"end":{"line":18,"column":null}},"5":{"start":{"line":19,"column":4},"end":{"line":19,"column":27}},"6":{"start":{"line":21,"column":15},"end":{"line":28,"column":null}},"7":{"start":{"line":23,"column":20},"end":{"line":25,"column":null}},"8":{"start":{"line":23,"column":10},"end":{"line":25,"column":null}},"9":{"start":{"line":27,"column":4},"end":{"line":27,"column":24}},"10":{"start":{"line":30,"column":15},"end":{"line":37,"column":null}},"11":{"start":{"line":32,"column":20},"end":{"line":34,"column":null}},"12":{"start":{"line":32,"column":10},"end":{"line":34,"column":null}},"13":{"start":{"line":36,"column":4},"end":{"line":36,"column":27}},"14":{"start":{"line":39,"column":15},"end":{"line":46,"column":null}},"15":{"start":{"line":42,"column":20},"end":{"line":44,"column":null}},"16":{"start":{"line":42,"column":10},"end":{"line":44,"column":null}},"17":{"start":{"line":45,"column":4},"end":{"line":45,"column":27}},"18":{"start":{"line":48,"column":15},"end":{"line":50,"column":null}},"19":{"start":{"line":49,"column":4},"end":{"line":49,"column":65}},"20":{"start":{"line":52,"column":15},"end":{"line":60,"column":null}},"21":{"start":{"line":53,"column":20},"end":{"line":58,"column":null}},"22":{"start":{"line":53,"column":10},"end":{"line":58,"column":null}},"23":{"start":{"line":59,"column":4},"end":{"line":59,"column":27}},"24":{"start":{"line":61,"column":0},"end":{"line":61,"column":null}},"25":{"start":{"line":62,"column":0},"end":{"line":62,"column":30}}},"fnMap":{"0":{"name":"(anonymous_14)","decl":{"start":{"line":10,"column":0},"end":{"line":10,"column":null}},"loc":{"start":{"line":10,"column":0},"end":{"line":61,"column":null}}},"1":{"name":"(anonymous_16)","decl":{"start":{"line":11,"column":2},"end":{"line":11,"column":15}},"loc":{"start":{"line":14,"column":20},"end":{"line":20,"column":null}}},"2":{"name":"(anonymous_19)","decl":{"start":{"line":21,"column":2},"end":{"line":21,"column":15}},"loc":{"start":{"line":21,"column":51},"end":{"line":28,"column":null}}},"3":{"name":"(anonymous_22)","decl":{"start":{"line":30,"column":2},"end":{"line":30,"column":15}},"loc":{"start":{"line":30,"column":68},"end":{"line":37,"column":null}}},"4":{"name":"(anonymous_25)","decl":{"start":{"line":39,"column":2},"end":{"line":39,"column":15}},"loc":{"start":{"line":39,"column":38},"end":{"line":46,"column":null}}},"5":{"name":"(anonymous_28)","decl":{"start":{"line":48,"column":2},"end":{"line":48,"column":15}},"loc":{"start":{"line":48,"column":41},"end":{"line":50,"column":null}}},"6":{"name":"(anonymous_31)","decl":{"start":{"line":52,"column":2},"end":{"line":52,"column":15}},"loc":{"start":{"line":52,"column":74},"end":{"line":60,"column":null}}}},"branchMap":{"0":{"loc":{"start":{"line":16,"column":20},"end":{"line":18,"column":null}},"type":"switch","locations":[{"start":{"line":16,"column":20},"end":{"line":18,"column":null}}]},"1":{"loc":{"start":{"line":23,"column":20},"end":{"line":25,"column":null}},"type":"switch","locations":[{"start":{"line":23,"column":20},"end":{"line":25,"column":null}}]},"2":{"loc":{"start":{"line":32,"column":20},"end":{"line":34,"column":null}},"type":"switch","locations":[{"start":{"line":32,"column":20},"end":{"line":34,"column":null}}]},"3":{"loc":{"start":{"line":42,"column":20},"end":{"line":44,"column":null}},"type":"switch","locations":[{"start":{"line":42,"column":20},"end":{"line":44,"column":null}}]},"4":{"loc":{"start":{"line":49,"column":4},"end":{"line":49,"column":65}},"type":"switch","locations":[{"start":{"line":49,"column":4},"end":{"line":49,"column":65}}]},"5":{"loc":{"start":{"line":53,"column":20},"end":{"line":58,"column":null}},"type":"switch","locations":[{"start":{"line":53,"column":20},"end":{"line":58,"column":null}}]}},"s":{"0":1,"1":1,"2":1,"3":0,"4":0,"5":0,"6":1,"7":2,"8":2,"9":2,"10":1,"11":0,"12":0,"13":0,"14":1,"15":0,"16":0,"17":0,"18":1,"19":0,"20":1,"21":0,"22":0,"23":0,"24":1,"25":1},"f":{"0":1,"1":0,"2":2,"3":0,"4":0,"5":0,"6":0},"b":{"0":[0],"1":[2],"2":[0],"3":[0],"4":[0],"5":[0]}}
,"C:\\Users\\Acer Aspire 3\\Desktop\\capstone-server-typescript\\src\\models\\ProductModel.ts": {"path":"C:\\Users\\Acer Aspire 3\\Desktop\\capstone-server-typescript\\src\\models\\ProductModel.ts","statementMap":{"0":{"start":{"line":1,"column":0},"end":{"line":1,"column":30}},"1":{"start":{"line":16,"column":0},"end":{"line":16,"column":null}},"2":{"start":{"line":17,"column":15},"end":{"line":22,"column":null}},"3":{"start":{"line":18,"column":20},"end":{"line":20,"column":null}},"4":{"start":{"line":18,"column":10},"end":{"line":20,"column":null}},"5":{"start":{"line":21,"column":4},"end":{"line":21,"column":27}},"6":{"start":{"line":24,"column":15},"end":{"line":31,"column":null}},"7":{"start":{"line":26,"column":20},"end":{"line":28,"column":null}},"8":{"start":{"line":26,"column":10},"end":{"line":28,"column":null}},"9":{"start":{"line":30,"column":4},"end":{"line":30,"column":24}},"10":{"start":{"line":33,"column":15},"end":{"line":40,"column":null}},"11":{"start":{"line":36,"column":20},"end":{"line":38,"column":null}},"12":{"start":{"line":36,"column":10},"end":{"line":38,"column":null}},"13":{"start":{"line":39,"column":4},"end":{"line":39,"column":27}},"14":{"start":{"line":42,"column":15},"end":{"line":44,"column":null}},"15":{"start":{"line":43,"column":4},"end":{"line":43,"column":62}},"16":{"start":{"line":46,"column":15},"end":{"line":60,"column":null}},"17":{"start":{"line":47,"column":20},"end":{"line":58,"column":null}},"18":{"start":{"line":47,"column":10},"end":{"line":58,"column":null}},"19":{"start":{"line":59,"column":4},"end":{"line":59,"column":27}},"20":{"start":{"line":61,"column":0},"end":{"line":61,"column":null}},"21":{"start":{"line":63,"column":0},"end":{"line":63,"column":28}}},"fnMap":{"0":{"name":"(anonymous_14)","decl":{"start":{"line":16,"column":0},"end":{"line":16,"column":null}},"loc":{"start":{"line":16,"column":0},"end":{"line":61,"column":null}}},"1":{"name":"(anonymous_16)","decl":{"start":{"line":17,"column":2},"end":{"line":17,"column":15}},"loc":{"start":{"line":17,"column":49},"end":{"line":22,"column":null}}},"2":{"name":"(anonymous_19)","decl":{"start":{"line":24,"column":2},"end":{"line":24,"column":15}},"loc":{"start":{"line":24,"column":2},"end":{"line":31,"column":null}}},"3":{"name":"(anonymous_22)","decl":{"start":{"line":33,"column":2},"end":{"line":33,"column":15}},"loc":{"start":{"line":33,"column":36},"end":{"line":40,"column":null}}},"4":{"name":"(anonymous_25)","decl":{"start":{"line":42,"column":2},"end":{"line":42,"column":15}},"loc":{"start":{"line":42,"column":39},"end":{"line":44,"column":null}}},"5":{"name":"(anonymous_28)","decl":{"start":{"line":46,"column":2},"end":{"line":46,"column":15}},"loc":{"start":{"line":46,"column":71},"end":{"line":60,"column":null}}}},"branchMap":{"0":{"loc":{"start":{"line":18,"column":20},"end":{"line":20,"column":null}},"type":"switch","locations":[{"start":{"line":18,"column":20},"end":{"line":20,"column":null}}]},"1":{"loc":{"start":{"line":26,"column":20},"end":{"line":28,"column":null}},"type":"switch","locations":[{"start":{"line":26,"column":20},"end":{"line":28,"column":null}}]},"2":{"loc":{"start":{"line":36,"column":20},"end":{"line":38,"column":null}},"type":"switch","locations":[{"start":{"line":36,"column":20},"end":{"line":38,"column":null}}]},"3":{"loc":{"start":{"line":43,"column":4},"end":{"line":43,"column":62}},"type":"switch","locations":[{"start":{"line":43,"column":4},"end":{"line":43,"column":62}}]},"4":{"loc":{"start":{"line":47,"column":20},"end":{"line":58,"column":null}},"type":"switch","locations":[{"start":{"line":47,"column":20},"end":{"line":58,"column":null}}]}},"s":{"0":1,"1":1,"2":1,"3":0,"4":0,"5":0,"6":1,"7":0,"8":0,"9":0,"10":1,"11":4,"12":4,"13":4,"14":1,"15":0,"16":1,"17":0,"18":0,"19":0,"20":1,"21":1},"f":{"0":1,"1":0,"2":0,"3":4,"4":0,"5":0},"b":{"0":[0],"1":[0],"2":[4],"3":[0],"4":[0]}}
}
