TN:
SF:src\config\db.ts
FN:14,(anonymous_0)
FN:15,(anonymous_1)
FNF:2
FNH:1
FNDA:1,(anonymous_0)
FNDA:0,(anonymous_1)
DA:1,1
DA:2,1
DA:11,1
DA:13,1
DA:14,1
DA:15,0
DA:17,1
LF:7
LH:6
BRF:0
BRH:0
end_of_record
TN:
SF:src\helpers\formatOrderEmail.ts
FN:4,(anonymous_14)
FN:4,(anonymous_15)
FNF:2
FNH:2
FNDA:1,(anonymous_14)
FNDA:1,(anonymous_15)
DA:1,1
DA:2,1
DA:4,1
DA:5,1
DA:6,1
DA:7,1
DA:8,3
DA:9,2
DA:11,2
DA:12,2
DA:20,1
LF:11
LH:11
BRDA:6,0,0,1
BRDA:6,0,1,1
BRDA:8,1,0,1
BRF:3
BRH:3
end_of_record
TN:
SF:src\models\OrderItemModel.ts
FN:10,(anonymous_14)
FN:11,(anonymous_16)
FN:21,(anonymous_19)
FN:30,(anonymous_22)
FN:39,(anonymous_25)
FN:48,(anonymous_28)
FN:52,(anonymous_31)
FNF:7
FNH:2
FNDA:1,(anonymous_14)
FNDA:0,(anonymous_16)
FNDA:1,(anonymous_19)
FNDA:0,(anonymous_22)
FNDA:0,(anonymous_25)
FNDA:0,(anonymous_28)
FNDA:0,(anonymous_31)
DA:1,1
DA:10,1
DA:11,1
DA:16,0
DA:19,0
DA:21,1
DA:23,1
DA:27,1
DA:30,1
DA:32,0
DA:36,0
DA:39,1
DA:42,0
DA:45,0
DA:48,1
DA:49,0
DA:52,1
DA:53,0
DA:59,0
DA:61,1
DA:62,1
LF:21
LH:12
BRDA:16,0,0,0
BRDA:23,1,0,1
BRDA:32,2,0,0
BRDA:42,3,0,0
BRDA:49,4,0,0
BRDA:53,5,0,0
BRF:6
BRH:1
end_of_record
TN:
SF:src\models\ProductModel.ts
FN:16,(anonymous_14)
FN:17,(anonymous_16)
FN:24,(anonymous_19)
FN:33,(anonymous_22)
FN:42,(anonymous_25)
FN:46,(anonymous_28)
FNF:6
FNH:2
FNDA:1,(anonymous_14)
FNDA:0,(anonymous_16)
FNDA:0,(anonymous_19)
FNDA:2,(anonymous_22)
FNDA:0,(anonymous_25)
FNDA:0,(anonymous_28)
DA:1,1
DA:16,1
DA:17,1
DA:18,0
DA:21,0
DA:24,1
DA:26,0
DA:30,0
DA:33,1
DA:36,2
DA:39,2
DA:42,1
DA:43,0
DA:46,1
DA:47,0
DA:59,0
DA:61,1
DA:63,1
LF:18
LH:11
BRDA:18,0,0,0
BRDA:26,1,0,0
BRDA:36,2,0,2
BRDA:43,3,0,0
BRDA:47,4,0,0
BRF:5
BRH:1
end_of_record
